  MainHooks.cpp
  The contents of <format> are available only in c++latest mode with concepts support;
  see https://github.com/microsoft/STL/issues/1814 for details.
C:\Users\Uzis\Desktop\Saints-Row-2-Juiced\Monkey Patch\MainHooks.cpp(43,84): warning C4996: 'localtime': This function or variable may be unsafe. Consider using localtime_s instead. To disable deprecation, use _CRT_SECURE_NO_WARNINGS. See online help for details.
C:\Users\Uzis\Desktop\Saints-Row-2-Juiced\Monkey Patch\MainHooks.cpp(92,9): warning C4996: 'GetVersionExA': was declared deprecated
C:\Users\Uzis\Desktop\Saints-Row-2-Juiced\Monkey Patch\MainHooks.cpp(166,33): warning C4305: 'initializing': truncation from 'double' to 'float'
C:\Users\Uzis\Desktop\Saints-Row-2-Juiced\Monkey Patch\MainHooks.cpp(173,34): warning C4244: 'argument': conversion from 'double' to 'float', possible loss of data
C:\Users\Uzis\Desktop\Saints-Row-2-Juiced\Monkey Patch\MainHooks.cpp(224,27): warning C4309: 'argument': truncation of constant value
C:\Users\Uzis\Desktop\Saints-Row-2-Juiced\Monkey Patch\MainHooks.cpp(229,29): warning C4309: 'argument': truncation of constant value
C:\Users\Uzis\Desktop\Saints-Row-2-Juiced\Monkey Patch\MainHooks.cpp(234,26): warning C4309: 'argument': truncation of constant value
C:\Users\Uzis\Desktop\Saints-Row-2-Juiced\Monkey Patch\MainHooks.cpp(238,31): warning C4309: 'argument': truncation of constant value
C:\Users\Uzis\Desktop\Saints-Row-2-Juiced\Monkey Patch\MainHooks.cpp(271,56): warning C4244: 'argument': conversion from 'float' to 'int', possible loss of data
C:\Users\Uzis\Desktop\Saints-Row-2-Juiced\Monkey Patch\MainHooks.cpp(767,37): warning C4305: 'argument': truncation from 'double' to 'float'
C:\Program Files\Microsoft Visual Studio\2022\Community\MSBuild\Microsoft\VC\v170\Microsoft.CppBuild.targets(1371,5): warning MSB8012: TargetPath(C:\Users\Uzis\Desktop\Saints-Row-2-Juiced\RELOADED\Reloaded Patch.dll) does not match the Linker's OutputFile property value (C:\Users\Uzis\Desktop\Saints-Row-2-Juiced\RELOADED\DFEngine.dll). This may cause your project to build incorrectly. To correct this, please make sure that $(OutDir), $(TargetName) and $(TargetExt) property values match the value specified in %(Link.OutputFile).
C:\Program Files\Microsoft Visual Studio\2022\Community\MSBuild\Microsoft\VC\v170\Microsoft.CppBuild.targets(1373,5): warning MSB8012: TargetName(Reloaded Patch) does not match the Linker's OutputFile property value (DFEngine). This may cause your project to build incorrectly. To correct this, please make sure that $(OutDir), $(TargetName) and $(TargetExt) property values match the value specified in %(Link.OutputFile).
     Creating library C:\Users\Uzis\Desktop\Saints-Row-2-Juiced\RELOADED\Reloaded Patch.lib and object C:\Users\Uzis\Desktop\Saints-Row-2-Juiced\RELOADED\Reloaded Patch.exp
MSVCRT.lib(initializers.obj) : warning LNK4098: defaultlib 'libcmt.lib' conflicts with use of other libs; use /NODEFAULTLIB:library
  Generating code
  4 of 470 functions ( 0.9%) were compiled, the rest were copied from previous compilation.
    1 functions were new in current compilation
    3 functions had inline decision re-evaluated but remain unchanged
  Finished generating code
  Monkey Patch.vcxproj -> C:\Users\Uzis\Desktop\Saints-Row-2-Juiced\RELOADED\Reloaded Patch.dll
          1 file(s) copied.
