c:\users\uzis\desktop\saints-row-2-juiced\monkey patch\reloaded\vc143.pdb
c:\users\uzis\desktop\saints-row-2-juiced\monkey patch\reloaded\stdafx.obj
c:\users\uzis\desktop\saints-row-2-juiced\monkey patch\reloaded\safewrite.obj
c:\users\uzis\desktop\saints-row-2-juiced\monkey patch\reloaded\rpchandler.obj
c:\users\uzis\desktop\saints-row-2-juiced\monkey patch\reloaded\queryperformance fix.obj
c:\users\uzis\desktop\saints-row-2-juiced\monkey patch\reloaded\patch.obj
c:\users\uzis\desktop\saints-row-2-juiced\monkey patch\reloaded\mainhooks.obj
c:\users\uzis\desktop\saints-row-2-juiced\monkey patch\reloaded\iat_functions.obj
c:\users\uzis\desktop\saints-row-2-juiced\monkey patch\reloaded\gameconfig.obj
c:\users\uzis\desktop\saints-row-2-juiced\monkey patch\reloaded\filelogger.obj
c:\users\uzis\desktop\saints-row-2-juiced\monkey patch\reloaded\dfengine.obj
c:\users\uzis\desktop\saints-row-2-juiced\monkey patch\reloaded\openspy.obj
c:\users\uzis\desktop\saints-row-2-juiced\monkey patch\reloaded\gog no fps limiter.obj
c:\users\uzis\desktop\saints-row-2-juiced\monkey patch\reloaded\luahandler.obj
c:\users\uzis\desktop\saints-row-2-juiced\monkey patch\reloaded\errormanager.obj
c:\users\uzis\desktop\saints-row-2-juiced\monkey patch\reloaded\laapatcher.obj
c:\users\uzis\desktop\saints-row-2-juiced\reloaded\dfengine.dll
c:\users\uzis\desktop\saints-row-2-juiced\monkey patch\reloaded\reloaded patch.ipdb
c:\users\uzis\desktop\saints-row-2-juiced\monkey patch\reloaded\reloaded patch.iobj
c:\users\uzis\desktop\saints-row-2-juiced\reloaded\reloaded patch.pdb
c:\users\uzis\desktop\saints-row-2-juiced\monkey patch\reloaded\properties.res
c:\users\uzis\desktop\saints-row-2-juiced\reloaded\reloaded patch.lib
c:\users\uzis\desktop\saints-row-2-juiced\reloaded\reloaded patch.exp
c:\users\uzis\desktop\saints-row-2-juiced\monkey patch\reloaded\reloaded patch.tlog\cl.command.1.tlog
c:\users\uzis\desktop\saints-row-2-juiced\monkey patch\reloaded\reloaded patch.tlog\cl.read.1.tlog
c:\users\uzis\desktop\saints-row-2-juiced\monkey patch\reloaded\reloaded patch.tlog\cl.write.1.tlog
c:\users\uzis\desktop\saints-row-2-juiced\monkey patch\reloaded\reloaded patch.tlog\link.command.1.tlog
c:\users\uzis\desktop\saints-row-2-juiced\monkey patch\reloaded\reloaded patch.tlog\link.read.1.tlog
c:\users\uzis\desktop\saints-row-2-juiced\monkey patch\reloaded\reloaded patch.tlog\link.write.1.tlog
c:\users\uzis\desktop\saints-row-2-juiced\monkey patch\reloaded\reloaded patch.tlog\rc.command.1.tlog
c:\users\uzis\desktop\saints-row-2-juiced\monkey patch\reloaded\reloaded patch.tlog\rc.read.1.tlog
c:\users\uzis\desktop\saints-row-2-juiced\monkey patch\reloaded\reloaded patch.tlog\rc.write.1.tlog
c:\users\uzis\desktop\saints-row-2-juiced\monkey patch\reloaded\reloaded patch.tlog\reloaded patch.write.1u.tlog
